 ROOT Version: 5.32/00.
 CMSSW environment is set up.
23842 pts/100  00:00:01 root.exe
 MIT root style REMIX($Author: KSUNG $$,$Modified by ksung $$).

 Use: MakeCanvas(name,title)
      InitSubPad(pad,nPad)
      InitHist(hist,xTitle,yTitle,color)

(class CPlot)60407744

Processing newCutFlow.C+...

 --- Applied Cuts: --- 
b   pT > 30 and |eta| < 2.5
tau pT > 20 (leptonic) or 30 (hadronic) and |eta| < 2.5

-------
HH event yields at 3000/fb: 
Tau-tagged Dijet:        97.1449
Tau-tagged jet-muon:     92.9052
Tau-tagged jet-electron: 77.0523
Electron-muon:           36.8671
All four channels:       303.97
+an extra jet (pT>30):   169.404
              (pT>50):   57.8814
-------
t\bar{t} event yields at 3000/fb: 
Tau-tagged Dijet:        409.734
Tau-tagged jet-muon:     2638.29
Tau-tagged jet-electron: 2341.76
Electron-muon:           9480.51
All four channels:       14870.3
+an extra jet (pT>30):   9849.47
              (pT>50):   5903.25
-------
BB(B) event yields at 3000/fb: 
Tau-tagged Dijet:        4.15976
Tau-tagged jet-muon:     10.9758
Tau-tagged jet-electron: 9.65456
Electron-muon:           19.9489
All four channels:       44.739
+an extra jet (pT>30):   30.1304
              (pT>50):   18.5538
-------
LL event yields at 3000/fb: 
Tau-tagged Dijet:        3.1826
Tau-tagged jet-muon:     3.85248
Tau-tagged jet-electron: 3.58064
Electron-muon:           1.48519
All four channels:       12.1009
+an extra jet (pT>30):   7.19886
              (pT>50):   3.5846
